info it worked if it ends with ok
verbose cli [ '/usr/bin/nodejs', '/usr/bin/npm', 'install', '-g', 'cordova' ]
info using npm@1.1.4
info using node@v0.6.19
verbose config file /home/rocker/.npmrc
verbose config file /usr/etc/npmrc
verbose config file /usr/share/npm/npmrc
verbose cache add [ 'cordova', null ]
silly cache add: name, spec, args [ undefined, 'cordova', [ 'cordova', null ] ]
verbose parsed url { pathname: 'cordova', path: 'cordova', href: 'cordova' }
verbose addNamed [ 'cordova', '' ]
verbose addNamed [ null, '' ]
silly name, range, hasData [ 'cordova', '', false ]
verbose raw, before any munging cordova
verbose url resolving [ 'https://registry.npmjs.org/', './cordova' ]
verbose url resolved https://registry.npmjs.org/cordova
verbose etag "4VLISDSFQMGDXIZCXX8AKQUDP"
http GET https://registry.npmjs.org/cordova
http 304 https://registry.npmjs.org/cordova
silly get cb [ 304,
silly get cb   { server: 'CouchDB/1.3.1 (Erlang OTP/R15B03)',
silly get cb     etag: '"4VLISDSFQMGDXIZCXX8AKQUDP"',
silly get cb     date: 'Sun, 10 Nov 2013 07:53:33 GMT',
silly get cb     'content-length': '0' } ]
verbose etag cordova from cache
silly name, range, hasData 2 [ 'cordova', '', true ]
silly versions [ 'cordova',
silly versions   [ '0.0.1',
silly versions     '0.0.2',
silly versions     '0.0.3',
silly versions     '0.0.4',
silly versions     '0.0.5',
silly versions     '0.0.6',
silly versions     '0.0.7',
silly versions     '0.0.8',
silly versions     '0.0.9',
silly versions     '0.1.0',
silly versions     '0.1.1',
silly versions     '0.1.2',
silly versions     '0.1.3',
silly versions     '0.1.4',
silly versions     '0.1.5',
silly versions     '0.1.6',
silly versions     '0.1.7',
silly versions     '0.1.8',
silly versions     '0.1.9',
silly versions     '0.1.10',
silly versions     '0.1.11',
silly versions     '0.1.12',
silly versions     '0.1.13',
silly versions     '0.1.14',
silly versions     '2.2.0',
silly versions     '2.3.0',
silly versions     '2.3.1',
silly versions     '2.3.2',
silly versions     '2.3.3',
silly versions     '2.3.5',
silly versions     '2.3.6',
silly versions     '2.4.0',
silly versions     '2.4.1',
silly versions     '2.4.2',
silly versions     '2.4.3',
silly versions     '2.4.4',
silly versions     '2.4.5',
silly versions     '2.4.6',
silly versions     '2.4.7',
silly versions     '2.4.8',
silly versions     '2.4.9',
silly versions     '2.4.10',
silly versions     '2.5.0',
silly versions     '2.5.2',
silly versions     '2.5.3',
silly versions     '2.5.4',
silly versions     '2.5.5',
silly versions     '2.6.0',
silly versions     '2.6.1',
silly versions     '2.6.2',
silly versions     '2.7.0-rc.1',
silly versions     '2.7.1-rc.1',
silly versions     '2.7.2',
silly versions     '2.7.3',
silly versions     '2.7.4',
silly versions     '2.8.0',
silly versions     '2.8.1' ] ]
verbose bin dist [ '0.6-ares1.9.1-evundefined-openssl1.0.1c-v83.8.9.20-linux-ia32-3.8.0-32-generic',
verbose bin dist   { shasum: 'a815197f0ce6e5e92ab145462f942a7affb8f8ef',
verbose bin dist     tarball: 'http://registry.npmjs.org/cordova/-/cordova-2.8.1.tgz' } ]
verbose caching /home/rocker/.npm/cordova/2.8.1/package/package.json
verbose loadDefaults cordova@2.8.1
silly resolved [ { name: 'cordova',
silly resolved     version: '2.8.1',
silly resolved     preferGlobal: 'true',
silly resolved     description: 'Cordova command line interface tool',
silly resolved     main: 'cordova',
silly resolved     bin: { cordova: './bin/cordova' },
silly resolved     scripts: { test: 'node test_runner.js', install: 'node bootstrap.js' },
silly resolved     repository: 
silly resolved      { type: 'git',
silly resolved        url: 'https://git-wip-us.apache.org/repos/asf/cordova-cli.git' },
silly resolved     keywords: [ 'cordova', 'client', 'cli' ],
silly resolved     dependencies: 
silly resolved      { colors: '>=0.6.0',
silly resolved        elementtree: '0.1.3',
silly resolved        plugman: '0.7.9',
silly resolved        plist: '0.4.x',
silly resolved        xcode: '0.5.1',
silly resolved        express: '3.0',
silly resolved        shelljs: '0.1.2',
silly resolved        ncallbacks: '1.0.0',
silly resolved        request: '2.11.4',
silly resolved        semver: '1.1.0',
silly resolved        prompt: '0.2.7',
silly resolved        'ripple-emulator': '>=0.9.15',
silly resolved        open: '0.0.3' },
silly resolved     devDependencies: { 'jasmine-node': '1.3.x' },
silly resolved     author: { name: 'Anis Kadri' },
silly resolved     contributors: 
silly resolved      [ { name: 'Brian LeRoux', email: 'b@brian.io' },
silly resolved        { name: 'Fil Maj', email: 'maj.fil@gmail.com' },
silly resolved        { name: 'Mike Reinstein', email: 'reinstein.mike@gmail.com' },
silly resolved        { name: 'Darry Pogue', email: 'darryl@dpogue.ca' },
silly resolved        { name: 'Michael Brooks', email: 'michael@michaelbrooks.ca' },
silly resolved        { name: 'Braden Shepherdson', email: 'braden@chromium.org' },
silly resolved        { name: 'Gord Tanner', email: 'gtanner@gmail.com' },
silly resolved        { name: 'Tim Kim', email: 'timk@adobe.com' },
silly resolved        { name: 'Benn Mapes', email: 'Benn.Mapes@gmail.com' },
silly resolved        { name: 'Michael Wolf', email: 'Michael.Wolf@Cynergy.com' } ],
silly resolved     license: 'Apache version 2.0',
silly resolved     _id: 'cordova@2.8.1',
silly resolved     optionalDependencies: {},
silly resolved     engines: { node: '*' },
silly resolved     _engineSupported: true,
silly resolved     _npmVersion: '1.1.4',
silly resolved     _nodeVersion: 'v0.6.19',
silly resolved     _defaultsLoaded: true,
silly resolved     _from: 'cordova' } ]
info into /usr/local/lib cordova@2.8.1
info installOne cordova@2.8.1
verbose from cache /home/rocker/.npm/cordova/2.8.1/package/package.json
info unbuild /usr/local/lib/node_modules/cordova
verbose mkdir (expected) error ENOENT, stat '/usr/local/lib/node_modules'
verbose unpack_ uid, gid [ undefined, undefined ]
verbose unpackTarget /usr/local/lib/node_modules/cordova
ERR! Could not create /usr/local/lib/node_modules/___cordova.npm
ERR! error installing cordova@2.8.1
info unbuild /usr/local/lib/node_modules/cordova
verbose installOne cb cordova@2.8.1
ERR! Error: EACCES, mkdir '/usr/local/lib/node_modules'
ERR! 
ERR! Please try running this command again as root/Administrator.
ERR! 
ERR! System Linux 3.8.0-32-generic
ERR! command "/usr/bin/nodejs" "/usr/bin/npm" "install" "-g" "cordova"
ERR! cwd /home/rocker/CloudAppGCDC/sdk/travelerbook
ERR! node -v v0.6.19
ERR! npm -v 1.1.4
ERR! path /usr/local/lib/node_modules
ERR! code EACCES
ERR! message EACCES, mkdir '/usr/local/lib/node_modules'
ERR! errno {}
verbose exit [ 1, true ]
